#
# A fatal error has been detected by the Java Runtime Environment:
#
#  Internal Error (classFileParser.cpp:3494), pid=44001, tid=4137057088
#  Error: ShouldNotReachHere()
#
# JRE version: 6.0_32-b05
# Java VM: Java HotSpot(TM) Server VM (20.7-b02 mixed mode linux-x86 )
# If you would like to submit a bug report, please visit:
#   http://java.sun.com/webapps/bugreport/crash.jsp
#

---------------  T H R E A D  ---------------

Current thread (0xf6805400):  JavaThread "Unknown thread" [_thread_in_vm, id=44007, stack(0xf6917000,0xf6968000)]

Stack: [0xf6917000,0xf6968000],  sp=0xf69667a0,  free space=317k
Native frames: (J=compiled Java code, j=interpreted, Vv=VM code, C=native code)
V  [libjvm.so+0x7257e0]  VMError::report_and_die()+0x2b0
V  [libjvm.so+0x2f791f]  report_should_not_reach_here(char const*, int)+0x3f
V  [libjvm.so+0x28de4a]  ClassFileParser::parseClassFile(symbolHandle, Handle, Handle, KlassHandle, GrowableArray<Handle>*, symbolHandle&, bool, Thread*)+0x2d9a
V  [libjvm.so+0x293e91]  ClassLoader::load_classfile(symbolHandle, Thread*)+0x221
V  [libjvm.so+0x6b4e62]  SystemDictionary::load_instance_class(symbolHandle, Handle, Thread*)+0xf2
V  [libjvm.so+0x6b2efe]  SystemDictionary::resolve_instance_class_or_null(symbolHandle, Handle, Handle, Thread*)+0x55e
V  [libjvm.so+0x6b1cc6]  SystemDictionary::resolve_or_null(symbolHandle, Handle, Handle, Thread*)+0x66
V  [libjvm.so+0x6b1930]  SystemDictionary::resolve_or_fail(symbolHandle, Handle, Handle, bool, Thread*)+0x30
V  [libjvm.so+0x6b674a]  SystemDictionary::initialize_wk_klass(SystemDictionary::WKID, int, Thread*)+0x6a
V  [libjvm.so+0x6b67dc]  SystemDictionary::initialize_wk_klasses_until(SystemDictionary::WKID, SystemDictionary::WKID&, Thread*)+0x4c
V  [libjvm.so+0x6b68a0]  SystemDictionary::initialize_preloaded_classes(Thread*)+0x70
V  [libjvm.so+0x6b6671]  SystemDictionary::initialize(Thread*)+0xe1
V  [libjvm.so+0x6fd3da]  Universe::genesis(Thread*)+0x4da
V  [libjvm.so+0x6fea9f]  universe2_init()+0x1f
V  [libjvm.so+0x3b9e58]  init_globals()+0x98
V  [libjvm.so+0x6e64b2]  Threads::create_vm(JavaVMInitArgs*, bool*)+0x242
V  [libjvm.so+0x414a66]  JNI_CreateJavaVM+0x56
C  [java+0x305c]
C  [java+0x1942]  JavaMain+0x72
C  [libpthread.so.0+0x6d4c]  short+0xcc


---------------  P R O C E S S  ---------------

Java Threads: ( => current thread )

Other Threads:

=>0xf6805400 (exited) JavaThread "Unknown thread" [_thread_in_vm, id=44007, stack(0xf6917000,0xf6968000)]

VM state:not at safepoint (not fully initialized)

VM Mutex/Monitor currently owned by a thread: None

Dynamic libraries:
08048000-08052000 r-xp 00000000 08:01 2388790                            /local/packages/jdk1.6.0_32/bin/java
08052000-08053000 rwxp 00009000 08:01 2388790                            /local/packages/jdk1.6.0_32/bin/java
08ddf000-08e00000 rwxp 00000000 00:00 0                                  [heap]
d2500000-d2521000 rwxp 00000000 00:00 0 
d2521000-d2600000 ---p 00000000 00:00 0 
d2636000-d2700000 r-xs 011ad000 08:01 815053                             /local/packages/adt-bundle-linux-x86_64-20130729/sdk/platforms/android-18/android.jar
d2700000-d2721000 rwxp 00000000 00:00 0 
d2721000-d2800000 ---p 00000000 00:00 0 
d280d000-d280e000 ---p 00000000 00:00 0 
d280e000-d288e000 rwxp 00000000 00:00 0                                  [stack:44009]
d288e000-d288f000 ---p 00000000 00:00 0 
d288f000-d2917000 rwxp 00000000 00:00 0                                  [stack:44008]
d2917000-d292f000 rwxp 00000000 00:00 0 
d292f000-d2939000 rwxp 00000000 00:00 0 
d2939000-d29c9000 rwxp 00000000 00:00 0 
d29c9000-d29d1000 rwxp 00000000 00:00 0 
d29d1000-d29e9000 rwxp 00000000 00:00 0 
d29e9000-d29f3000 rwxp 00000000 00:00 0 
d29f3000-d2a82000 rwxp 00000000 00:00 0 
d2a82000-d2a88000 rwxp 00000000 00:00 0 
d2a88000-d2acf000 rwxp 00000000 00:00 0 
d2acf000-d3ad0000 rwxp 00000000 00:00 0 
d3ad0000-d6ad0000 rwxp 00000000 00:00 0 
d6ad0000-d7e00000 rwxp 00000000 00:00 0 
d7e00000-e9d80000 rwxp 00000000 00:00 0 
e9d80000-ea710000 rwxp 00000000 00:00 0 
ea710000-f36d0000 rwxp 00000000 00:00 0 
f36da000-f36e3000 rwxp 00000000 00:00 0 
f36e3000-f379a000 rwxp 00000000 00:00 0 
f379a000-f39da000 rwxp 00000000 00:00 0 
f39da000-f679a000 rwxp 00000000 00:00 0 
f679a000-f67a5000 r-xp 00000000 08:01 1704550                            /lib/i386-linux-gnu/libnss_files-2.15.so
f67a5000-f67a6000 r-xp 0000a000 08:01 1704550                            /lib/i386-linux-gnu/libnss_files-2.15.so
f67a6000-f67a7000 rwxp 0000b000 08:01 1704550                            /lib/i386-linux-gnu/libnss_files-2.15.so
f67a7000-f67b1000 r-xp 00000000 08:01 1704563                            /lib/i386-linux-gnu/libnss_nis-2.15.so
f67b1000-f67b2000 r-xp 00009000 08:01 1704563                            /lib/i386-linux-gnu/libnss_nis-2.15.so
f67b2000-f67b3000 rwxp 0000a000 08:01 1704563                            /lib/i386-linux-gnu/libnss_nis-2.15.so
f67c2000-f67d1000 r-xp 00000000 08:01 2494576                            /local/packages/jdk1.6.0_32/jre/lib/i386/libzip.so
f67d1000-f67d3000 rwxp 0000e000 08:01 2494576                            /local/packages/jdk1.6.0_32/jre/lib/i386/libzip.so
f67d3000-f67db000 rwxs 00000000 08:07 523276                             /tmp/hsperfdata_g3jiawei/44001
f67db000-f67fe000 r-xp 00000000 08:01 2494569                            /local/packages/jdk1.6.0_32/jre/lib/i386/libjava.so
f67fe000-f6800000 rwxp 00023000 08:01 2494569                            /local/packages/jdk1.6.0_32/jre/lib/i386/libjava.so
f6800000-f6884000 rwxp 00000000 00:00 0 
f6884000-f6900000 ---p 00000000 00:00 0 
f6905000-f690c000 r-xp 00000000 08:01 1704557                            /lib/i386-linux-gnu/libnss_compat-2.15.so
f690c000-f690d000 r-xp 00006000 08:01 1704557                            /lib/i386-linux-gnu/libnss_compat-2.15.so
f690d000-f690e000 rwxp 00007000 08:01 1704557                            /lib/i386-linux-gnu/libnss_compat-2.15.so
f690e000-f6915000 r-xp 00000000 08:01 1704562                            /lib/i386-linux-gnu/librt-2.15.so
f6915000-f6916000 r-xp 00006000 08:01 1704562                            /lib/i386-linux-gnu/librt-2.15.so
f6916000-f6917000 rwxp 00007000 08:01 1704562                            /lib/i386-linux-gnu/librt-2.15.so
f6917000-f691a000 ---p 00000000 00:00 0 
f691a000-f6968000 rwxp 00000000 00:00 0                                  [stack:44007]
f6968000-f6992000 r-xp 00000000 08:01 1704555                            /lib/i386-linux-gnu/libm-2.15.so
f6992000-f6993000 r-xp 00029000 08:01 1704555                            /lib/i386-linux-gnu/libm-2.15.so
f6993000-f6994000 rwxp 0002a000 08:01 1704555                            /lib/i386-linux-gnu/libm-2.15.so
f6994000-f7147000 r-xp 00000000 08:01 2494592                            /local/packages/jdk1.6.0_32/jre/lib/i386/server/libjvm.so
f7147000-f719b000 rwxp 007b3000 08:01 2494592                            /local/packages/jdk1.6.0_32/jre/lib/i386/server/libjvm.so
f719b000-f75ba000 rwxp 00000000 00:00 0 
f75ba000-f775e000 r-xp 00000000 08:01 1704523                            /lib/i386-linux-gnu/libc-2.15.so
f775e000-f7760000 r-xp 001a4000 08:01 1704523                            /lib/i386-linux-gnu/libc-2.15.so
f7760000-f7761000 rwxp 001a6000 08:01 1704523                            /lib/i386-linux-gnu/libc-2.15.so
f7761000-f7764000 rwxp 00000000 00:00 0 
f7764000-f7767000 r-xp 00000000 08:01 1704535                            /lib/i386-linux-gnu/libdl-2.15.so
f7767000-f7768000 r-xp 00002000 08:01 1704535                            /lib/i386-linux-gnu/libdl-2.15.so
f7768000-f7769000 rwxp 00003000 08:01 1704535                            /lib/i386-linux-gnu/libdl-2.15.so
f7769000-f7770000 r-xp 00000000 08:01 681030                             /local/packages/jdk1.6.0_32/jre/lib/i386/jli/libjli.so
f7770000-f7772000 rwxp 00006000 08:01 681030                             /local/packages/jdk1.6.0_32/jre/lib/i386/jli/libjli.so
f7772000-f7773000 rwxp 00000000 00:00 0 
f7773000-f778a000 r-xp 00000000 08:01 1704552                            /lib/i386-linux-gnu/libpthread-2.15.so
f778a000-f778b000 r-xp 00016000 08:01 1704552                            /lib/i386-linux-gnu/libpthread-2.15.so
f778b000-f778c000 rwxp 00017000 08:01 1704552                            /lib/i386-linux-gnu/libpthread-2.15.so
f778c000-f778f000 rwxp 00000000 00:00 0 
f778f000-f7790000 r-xp 00000000 00:00 0 
f7790000-f77a6000 r-xp 00000000 08:01 1704519                            /lib/i386-linux-gnu/libnsl-2.15.so
f77a6000-f77a7000 r-xp 00015000 08:01 1704519                            /lib/i386-linux-gnu/libnsl-2.15.so
f77a7000-f77a8000 rwxp 00016000 08:01 1704519                            /lib/i386-linux-gnu/libnsl-2.15.so
f77a8000-f77aa000 rwxp 00000000 00:00 0 
f77aa000-f77b5000 r-xp 00000000 08:01 2494586                            /local/packages/jdk1.6.0_32/jre/lib/i386/libverify.so
f77b5000-f77b6000 rwxp 0000b000 08:01 2494586                            /local/packages/jdk1.6.0_32/jre/lib/i386/libverify.so
f77b6000-f77b8000 rwxp 00000000 00:00 0 
f77b8000-f77b9000 r-xp 00000000 00:00 0                                  [vdso]
f77b9000-f77d9000 r-xp 00000000 08:01 1704561                            /lib/i386-linux-gnu/ld-2.15.so
f77d9000-f77da000 r-xp 0001f000 08:01 1704561                            /lib/i386-linux-gnu/ld-2.15.so
f77da000-f77db000 rwxp 00020000 08:01 1704561                            /lib/i386-linux-gnu/ld-2.15.so
ff88e000-ff8af000 rwxp 00000000 00:00 0                                  [stack]

VM Arguments:
jvm_args: -Dfile.encoding=ANSI_X3.4-1968 -Xbootclasspath:/local/packages/adt-bundle-linux-x86_64-20130729/sdk/platforms/android-18/android.jar 
java_command: com.calendarcardsample.backend.Course
Launcher Type: SUN_STANDARD

Environment Variables:
PATH=/h/u13/g3/00/g3jiawei/bin/linux-gnu:/h/u13/g3/00/g3jiawei/bin:/local/bin/X11:/local/bin:/bin:/usr/bin:.
LD_LIBRARY_PATH=/local/packages/jdk1.6.0_32/jre/lib/i386/server:/local/packages/jdk1.6.0_32/jre/lib/i386:/local/packages/jdk1.6.0_32/jre/../lib/i386
SHELL=/var/shell/bash
DISPLAY=:0

Signal Handlers:
SIGSEGV: [libjvm.so+0x726440], sa_mask[0]=0x7ffbfeff, sa_flags=0x10000004
SIGBUS: [libjvm.so+0x726440], sa_mask[0]=0x7ffbfeff, sa_flags=0x10000004
SIGFPE: [libjvm.so+0x5e0ff0], sa_mask[0]=0x7ffbfeff, sa_flags=0x10000004
SIGPIPE: [libjvm.so+0x5e0ff0], sa_mask[0]=0x7ffbfeff, sa_flags=0x10000004
SIGXFSZ: [libjvm.so+0x5e0ff0], sa_mask[0]=0x7ffbfeff, sa_flags=0x10000004
SIGILL: [libjvm.so+0x5e0ff0], sa_mask[0]=0x7ffbfeff, sa_flags=0x10000004
SIGUSR1: SIG_DFL, sa_mask[0]=0x00000000, sa_flags=0x00000000
SIGUSR2: [libjvm.so+0x5e4250], sa_mask[0]=0x00000004, sa_flags=0x10000004
SIGHUP: SIG_DFL, sa_mask[0]=0x00000000, sa_flags=0x00000000
SIGINT: SIG_DFL, sa_mask[0]=0x00000000, sa_flags=0x00000000
SIGTERM: SIG_DFL, sa_mask[0]=0x00000000, sa_flags=0x00000000
SIGQUIT: SIG_DFL, sa_mask[0]=0x00000000, sa_flags=0x00000000


---------------  S Y S T E M  ---------------

OS:wheezy/sid

uname:Linux 3.13.0-35-generic #62~precise1-Ubuntu SMP Mon Aug 18 14:52:04 UTC 2014 x86_64
libc:glibc 2.15 NPTL 2.15 
rlimit: STACK 8192k, CORE 0k, NPROC 225, NOFILE 4096, AS infinity
load average:0.47 0.38 0.34

/proc/meminfo:
MemTotal:        1882308 kB
MemFree:           84104 kB
Buffers:           11516 kB
Cached:           275328 kB
SwapCached:        48272 kB
Active:          1058296 kB
Inactive:         491992 kB
Active(anon):     951828 kB
Inactive(anon):   370520 kB
Active(file):     106468 kB
Inactive(file):   121472 kB
Unevictable:           0 kB
Mlocked:               0 kB
SwapTotal:       1023996 kB
SwapFree:         675140 kB
Dirty:                28 kB
Writeback:             0 kB
AnonPages:       1223540 kB
Mapped:            73032 kB
Shmem:             58780 kB
Slab:             172744 kB
SReclaimable:     147868 kB
SUnreclaim:        24876 kB
KernelStack:        3144 kB
PageTables:        24268 kB
NFS_Unstable:         36 kB
Bounce:                0 kB
WritebackTmp:          0 kB
CommitLimit:     1965148 kB
Committed_AS:    2671156 kB
VmallocTotal:   34359738367 kB
VmallocUsed:      297952 kB
VmallocChunk:   34359436376 kB
HardwareCorrupted:     0 kB
AnonHugePages:    339968 kB
HugePages_Total:       0
HugePages_Free:        0
HugePages_Rsvd:        0
HugePages_Surp:        0
Hugepagesize:       2048 kB
DirectMap4k:       66112 kB
DirectMap2M:     1861632 kB


CPU:total 2 (2 cores per cpu, 1 threads per core) family 6 model 23 stepping 10, cmov, cx8, fxsr, mmx, sse, sse2, sse3, ssse3

/proc/cpuinfo:
processor	: 0
vendor_id	: GenuineIntel
cpu family	: 6
model		: 23
model name	: Pentium(R) Dual-Core  CPU      E6300  @ 2.80GHz
stepping	: 10
microcode	: 0xa07
cpu MHz		: 2800.000
cache size	: 2048 KB
physical id	: 0
siblings	: 2
core id		: 0
cpu cores	: 2
apicid		: 0
initial apicid	: 0
fpu		: yes
fpu_exception	: yes
cpuid level	: 13
wp		: yes
flags		: fpu vme de pse tsc msr pae mce cx8 apic sep mtrr pge mca cmov pat pse36 clflush dts acpi mmx fxsr sse sse2 ss ht tm pbe syscall nx lm constant_tsc arch_perfmon pebs bts rep_good nopl aperfmperf pni dtes64 monitor ds_cpl vmx est tm2 ssse3 cx16 xtpr pdcm xsave lahf_lm dtherm tpr_shadow vnmi flexpriority
bogomips	: 5586.45
clflush size	: 64
cache_alignment	: 64
address sizes	: 36 bits physical, 48 bits virtual
power management:

processor	: 1
vendor_id	: GenuineIntel
cpu family	: 6
model		: 23
model name	: Pentium(R) Dual-Core  CPU      E6300  @ 2.80GHz
stepping	: 10
microcode	: 0xa07
cpu MHz		: 2800.000
cache size	: 2048 KB
physical id	: 0
siblings	: 2
core id		: 1
cpu cores	: 2
apicid		: 1
initial apicid	: 1
fpu		: yes
fpu_exception	: yes
cpuid level	: 13
wp		: yes
flags		: fpu vme de pse tsc msr pae mce cx8 apic sep mtrr pge mca cmov pat pse36 clflush dts acpi mmx fxsr sse sse2 ss ht tm pbe syscall nx lm constant_tsc arch_perfmon pebs bts rep_good nopl aperfmperf pni dtes64 monitor ds_cpl vmx est tm2 ssse3 cx16 xtpr pdcm xsave lahf_lm dtherm tpr_shadow vnmi flexpriority
bogomips	: 5586.45
clflush size	: 64
cache_alignment	: 64
address sizes	: 36 bits physical, 48 bits virtual
power management:



Memory: 4k page, physical 1882308k(84104k free), swap 1023996k(675140k free)

vm_info: Java HotSpot(TM) Server VM (20.7-b02) for linux-x86 JRE (1.6.0_32-b05), built on Apr  5 2012 12:54:54 by "java_re" with gcc 3.2.1-7a (J2SE release)

time: Wed Nov  5 09:52:42 2014
elapsed time: 0 seconds

