#
# A fatal error has been detected by the Java Runtime Environment:
#
#  Internal Error (classFileParser.cpp:3494), pid=60603, tid=4136405824
#  Error: ShouldNotReachHere()
#
# JRE version: 6.0_32-b05
# Java VM: Java HotSpot(TM) Server VM (20.7-b02 mixed mode linux-x86 )
# If you would like to submit a bug report, please visit:
#   http://java.sun.com/webapps/bugreport/crash.jsp
#

---------------  T H R E A D  ---------------

Current thread (0xf6705400):  JavaThread "Unknown thread" [_thread_in_vm, id=60608, stack(0xf6878000,0xf68c9000)]

Stack: [0xf6878000,0xf68c9000],  sp=0xf68c77a0,  free space=317k
Native frames: (J=compiled Java code, j=interpreted, Vv=VM code, C=native code)
V  [libjvm.so+0x7257e0]  VMError::report_and_die()+0x2b0
V  [libjvm.so+0x2f791f]  report_should_not_reach_here(char const*, int)+0x3f
V  [libjvm.so+0x28de4a]  ClassFileParser::parseClassFile(symbolHandle, Handle, Handle, KlassHandle, GrowableArray<Handle>*, symbolHandle&, bool, Thread*)+0x2d9a
V  [libjvm.so+0x293e91]  ClassLoader::load_classfile(symbolHandle, Thread*)+0x221
V  [libjvm.so+0x6b4e62]  SystemDictionary::load_instance_class(symbolHandle, Handle, Thread*)+0xf2
V  [libjvm.so+0x6b2efe]  SystemDictionary::resolve_instance_class_or_null(symbolHandle, Handle, Handle, Thread*)+0x55e
V  [libjvm.so+0x6b1cc6]  SystemDictionary::resolve_or_null(symbolHandle, Handle, Handle, Thread*)+0x66
V  [libjvm.so+0x6b1930]  SystemDictionary::resolve_or_fail(symbolHandle, Handle, Handle, bool, Thread*)+0x30
V  [libjvm.so+0x6b674a]  SystemDictionary::initialize_wk_klass(SystemDictionary::WKID, int, Thread*)+0x6a
V  [libjvm.so+0x6b67dc]  SystemDictionary::initialize_wk_klasses_until(SystemDictionary::WKID, SystemDictionary::WKID&, Thread*)+0x4c
V  [libjvm.so+0x6b68a0]  SystemDictionary::initialize_preloaded_classes(Thread*)+0x70
V  [libjvm.so+0x6b6671]  SystemDictionary::initialize(Thread*)+0xe1
V  [libjvm.so+0x6fd3da]  Universe::genesis(Thread*)+0x4da
V  [libjvm.so+0x6fea9f]  universe2_init()+0x1f
V  [libjvm.so+0x3b9e58]  init_globals()+0x98
V  [libjvm.so+0x6e64b2]  Threads::create_vm(JavaVMInitArgs*, bool*)+0x242
V  [libjvm.so+0x414a66]  JNI_CreateJavaVM+0x56
C  [java+0x305c]
C  [java+0x1942]  JavaMain+0x72
C  [libpthread.so.0+0x6d4c]  short+0xcc


---------------  P R O C E S S  ---------------

Java Threads: ( => current thread )

Other Threads:

=>0xf6705400 (exited) JavaThread "Unknown thread" [_thread_in_vm, id=60608, stack(0xf6878000,0xf68c9000)]

VM state:not at safepoint (not fully initialized)

VM Mutex/Monitor currently owned by a thread: None

Dynamic libraries:
08048000-08052000 r-xp 00000000 08:01 2261114                            /local/packages/jdk1.6.0_32/bin/java
08052000-08053000 rwxp 00009000 08:01 2261114                            /local/packages/jdk1.6.0_32/bin/java
087d4000-087f5000 rwxp 00000000 00:00 0                                  [heap]
d2000000-d2021000 rwxp 00000000 00:00 0 
d2021000-d2100000 ---p 00000000 00:00 0 
d2136000-d2200000 r-xs 011ad000 08:01 1331838                            /local/packages/adt-bundle-linux-x86_64-20130729/sdk/platforms/android-18/android.jar
d2200000-d2221000 rwxp 00000000 00:00 0 
d2221000-d2300000 ---p 00000000 00:00 0 
d237a000-d237b000 ---p 00000000 00:00 0 
d237b000-d23fb000 rwxp 00000000 00:00 0                                  [stack:60610]
d23fb000-d23fc000 ---p 00000000 00:00 0 
d23fc000-d2484000 rwxp 00000000 00:00 0                                  [stack:60609]
d2484000-d249c000 rwxp 00000000 00:00 0 
d249c000-d24a6000 rwxp 00000000 00:00 0 
d24a6000-d2537000 rwxp 00000000 00:00 0 
d2537000-d253f000 rwxp 00000000 00:00 0 
d253f000-d2557000 rwxp 00000000 00:00 0 
d2557000-d2561000 rwxp 00000000 00:00 0 
d2561000-d25f1000 rwxp 00000000 00:00 0 
d25f1000-d25f7000 rwxp 00000000 00:00 0 
d25f7000-d263f000 rwxp 00000000 00:00 0 
d263f000-d3640000 rwxp 00000000 00:00 0 
d3640000-d6640000 rwxp 00000000 00:00 0 
d6640000-d79a0000 rwxp 00000000 00:00 0 
d79a0000-e9ba0000 rwxp 00000000 00:00 0 
e9ba0000-ea540000 rwxp 00000000 00:00 0 
ea540000-f3640000 rwxp 00000000 00:00 0 
f3640000-f3649000 rwxp 00000000 00:00 0 
f3649000-f3700000 rwxp 00000000 00:00 0 
f3700000-f3940000 rwxp 00000000 00:00 0 
f3940000-f6784000 rwxp 00000000 00:00 0 
f6784000-f6800000 ---p 00000000 00:00 0 
f6800000-f680b000 r-xp 00000000 08:01 2228611                            /lib/i386-linux-gnu/libnss_files-2.15.so
f680b000-f680c000 r-xp 0000a000 08:01 2228611                            /lib/i386-linux-gnu/libnss_files-2.15.so
f680c000-f680d000 rwxp 0000b000 08:01 2228611                            /lib/i386-linux-gnu/libnss_files-2.15.so
f680d000-f6817000 r-xp 00000000 08:01 2228622                            /lib/i386-linux-gnu/libnss_nis-2.15.so
f6817000-f6818000 r-xp 00009000 08:01 2228622                            /lib/i386-linux-gnu/libnss_nis-2.15.so
f6818000-f6819000 rwxp 0000a000 08:01 2228622                            /lib/i386-linux-gnu/libnss_nis-2.15.so
f6819000-f6820000 r-xp 00000000 08:01 2228617                            /lib/i386-linux-gnu/libnss_compat-2.15.so
f6820000-f6821000 r-xp 00006000 08:01 2228617                            /lib/i386-linux-gnu/libnss_compat-2.15.so
f6821000-f6822000 rwxp 00007000 08:01 2228617                            /lib/i386-linux-gnu/libnss_compat-2.15.so
f6831000-f6840000 r-xp 00000000 08:01 1087116                            /local/packages/jdk1.6.0_32/jre/lib/i386/libzip.so
f6840000-f6842000 rwxp 0000e000 08:01 1087116                            /local/packages/jdk1.6.0_32/jre/lib/i386/libzip.so
f6842000-f684a000 rwxs 00000000 08:07 132389                             /tmp/hsperfdata_g3jiawei/60603
f684a000-f686d000 r-xp 00000000 08:01 1087109                            /local/packages/jdk1.6.0_32/jre/lib/i386/libjava.so
f686d000-f686f000 rwxp 00023000 08:01 1087109                            /local/packages/jdk1.6.0_32/jre/lib/i386/libjava.so
f686f000-f6876000 r-xp 00000000 08:01 2228621                            /lib/i386-linux-gnu/librt-2.15.so
f6876000-f6877000 r-xp 00006000 08:01 2228621                            /lib/i386-linux-gnu/librt-2.15.so
f6877000-f6878000 rwxp 00007000 08:01 2228621                            /lib/i386-linux-gnu/librt-2.15.so
f6878000-f687b000 ---p 00000000 00:00 0 
f687b000-f68c9000 rwxp 00000000 00:00 0                                  [stack:60608]
f68c9000-f68f3000 r-xp 00000000 08:01 2228615                            /lib/i386-linux-gnu/libm-2.15.so
f68f3000-f68f4000 r-xp 00029000 08:01 2228615                            /lib/i386-linux-gnu/libm-2.15.so
f68f4000-f68f5000 rwxp 0002a000 08:01 2228615                            /lib/i386-linux-gnu/libm-2.15.so
f68f5000-f70a8000 r-xp 00000000 08:01 1087132                            /local/packages/jdk1.6.0_32/jre/lib/i386/server/libjvm.so
f70a8000-f70fc000 rwxp 007b3000 08:01 1087132                            /local/packages/jdk1.6.0_32/jre/lib/i386/server/libjvm.so
f70fc000-f751b000 rwxp 00000000 00:00 0 
f751b000-f76bf000 r-xp 00000000 08:01 2228525                            /lib/i386-linux-gnu/libc-2.15.so
f76bf000-f76c1000 r-xp 001a4000 08:01 2228525                            /lib/i386-linux-gnu/libc-2.15.so
f76c1000-f76c2000 rwxp 001a6000 08:01 2228525                            /lib/i386-linux-gnu/libc-2.15.so
f76c2000-f76c5000 rwxp 00000000 00:00 0 
f76c5000-f76c8000 r-xp 00000000 08:01 2228599                            /lib/i386-linux-gnu/libdl-2.15.so
f76c8000-f76c9000 r-xp 00002000 08:01 2228599                            /lib/i386-linux-gnu/libdl-2.15.so
f76c9000-f76ca000 rwxp 00003000 08:01 2228599                            /lib/i386-linux-gnu/libdl-2.15.so
f76ca000-f76d1000 r-xp 00000000 08:01 1087140                            /local/packages/jdk1.6.0_32/jre/lib/i386/jli/libjli.so
f76d1000-f76d3000 rwxp 00006000 08:01 1087140                            /local/packages/jdk1.6.0_32/jre/lib/i386/jli/libjli.so
f76d3000-f76d4000 rwxp 00000000 00:00 0 
f76d4000-f76eb000 r-xp 00000000 08:01 2228613                            /lib/i386-linux-gnu/libpthread-2.15.so
f76eb000-f76ec000 r-xp 00016000 08:01 2228613                            /lib/i386-linux-gnu/libpthread-2.15.so
f76ec000-f76ed000 rwxp 00017000 08:01 2228613                            /lib/i386-linux-gnu/libpthread-2.15.so
f76ed000-f76f0000 rwxp 00000000 00:00 0 
f76f0000-f76f1000 r-xp 00000000 00:00 0 
f76f1000-f7707000 r-xp 00000000 08:01 2228521                            /lib/i386-linux-gnu/libnsl-2.15.so
f7707000-f7708000 r-xp 00015000 08:01 2228521                            /lib/i386-linux-gnu/libnsl-2.15.so
f7708000-f7709000 rwxp 00016000 08:01 2228521                            /lib/i386-linux-gnu/libnsl-2.15.so
f7709000-f770b000 rwxp 00000000 00:00 0 
f770b000-f7716000 r-xp 00000000 08:01 1087126                            /local/packages/jdk1.6.0_32/jre/lib/i386/libverify.so
f7716000-f7717000 rwxp 0000b000 08:01 1087126                            /local/packages/jdk1.6.0_32/jre/lib/i386/libverify.so
f7717000-f7719000 rwxp 00000000 00:00 0 
f7719000-f771a000 r-xp 00000000 00:00 0                                  [vdso]
f771a000-f773a000 r-xp 00000000 08:01 2228620                            /lib/i386-linux-gnu/ld-2.15.so
f773a000-f773b000 r-xp 0001f000 08:01 2228620                            /lib/i386-linux-gnu/ld-2.15.so
f773b000-f773c000 rwxp 00020000 08:01 2228620                            /lib/i386-linux-gnu/ld-2.15.so
ffd83000-ffda4000 rwxp 00000000 00:00 0                                  [stack]

VM Arguments:
jvm_args: -Dfile.encoding=ANSI_X3.4-1968 -Xbootclasspath:/local/packages/adt-bundle-linux-x86_64-20130729/sdk/platforms/android-18/android.jar 
java_command: com.calendarcardsample.backend.Course
Launcher Type: SUN_STANDARD

Environment Variables:
PATH=/h/u13/g3/00/g3jiawei/bin/linux-gnu:/h/u13/g3/00/g3jiawei/bin:/local/bin/X11:/local/bin:/bin:/usr/bin:.
LD_LIBRARY_PATH=/local/packages/jdk1.6.0_32/jre/lib/i386/server:/local/packages/jdk1.6.0_32/jre/lib/i386:/local/packages/jdk1.6.0_32/jre/../lib/i386
SHELL=/var/shell/bash
DISPLAY=:0

Signal Handlers:
SIGSEGV: [libjvm.so+0x726440], sa_mask[0]=0x7ffbfeff, sa_flags=0x10000004
SIGBUS: [libjvm.so+0x726440], sa_mask[0]=0x7ffbfeff, sa_flags=0x10000004
SIGFPE: [libjvm.so+0x5e0ff0], sa_mask[0]=0x7ffbfeff, sa_flags=0x10000004
SIGPIPE: [libjvm.so+0x5e0ff0], sa_mask[0]=0x7ffbfeff, sa_flags=0x10000004
SIGXFSZ: [libjvm.so+0x5e0ff0], sa_mask[0]=0x7ffbfeff, sa_flags=0x10000004
SIGILL: [libjvm.so+0x5e0ff0], sa_mask[0]=0x7ffbfeff, sa_flags=0x10000004
SIGUSR1: SIG_DFL, sa_mask[0]=0x00000000, sa_flags=0x00000000
SIGUSR2: [libjvm.so+0x5e4250], sa_mask[0]=0x00000004, sa_flags=0x10000004
SIGHUP: SIG_DFL, sa_mask[0]=0x00000000, sa_flags=0x00000000
SIGINT: SIG_DFL, sa_mask[0]=0x00000000, sa_flags=0x00000000
SIGTERM: SIG_DFL, sa_mask[0]=0x00000000, sa_flags=0x00000000
SIGQUIT: SIG_DFL, sa_mask[0]=0x00000000, sa_flags=0x00000000


---------------  S Y S T E M  ---------------

OS:wheezy/sid

uname:Linux 3.13.0-35-generic #62~precise1-Ubuntu SMP Mon Aug 18 14:52:04 UTC 2014 x86_64
libc:glibc 2.15 NPTL 2.15 
rlimit: STACK 8192k, CORE 0k, NPROC 225, NOFILE 4096, AS infinity
load average:0.58 0.55 0.40

/proc/meminfo:
MemTotal:        1898692 kB
MemFree:          141400 kB
Buffers:           13556 kB
Cached:           568108 kB
SwapCached:         1384 kB
Active:           932268 kB
Inactive:         546680 kB
Active(anon):     664724 kB
Inactive(anon):   282316 kB
Active(file):     267544 kB
Inactive(file):   264364 kB
Unevictable:           0 kB
Mlocked:               0 kB
SwapTotal:       1023996 kB
SwapFree:        1010776 kB
Dirty:                84 kB
Writeback:             0 kB
AnonPages:        896408 kB
Mapped:           154004 kB
Shmem:             49756 kB
Slab:             211120 kB
SReclaimable:     188092 kB
SUnreclaim:        23028 kB
KernelStack:        2840 kB
PageTables:        19732 kB
NFS_Unstable:        580 kB
Bounce:                0 kB
WritebackTmp:          0 kB
CommitLimit:     1973340 kB
Committed_AS:    1842328 kB
VmallocTotal:   34359738367 kB
VmallocUsed:      297888 kB
VmallocChunk:   34359436376 kB
HardwareCorrupted:     0 kB
AnonHugePages:     81920 kB
HugePages_Total:       0
HugePages_Free:        0
HugePages_Rsvd:        0
HugePages_Surp:        0
Hugepagesize:       2048 kB
DirectMap4k:       88640 kB
DirectMap2M:     1855488 kB


CPU:total 2 (2 cores per cpu, 1 threads per core) family 6 model 23 stepping 10, cmov, cx8, fxsr, mmx, sse, sse2, sse3, ssse3

/proc/cpuinfo:
processor	: 0
vendor_id	: GenuineIntel
cpu family	: 6
model		: 23
model name	: Pentium(R) Dual-Core  CPU      E6300  @ 2.80GHz
stepping	: 10
microcode	: 0xa07
cpu MHz		: 2800.000
cache size	: 2048 KB
physical id	: 0
siblings	: 2
core id		: 0
cpu cores	: 2
apicid		: 0
initial apicid	: 0
fpu		: yes
fpu_exception	: yes
cpuid level	: 13
wp		: yes
flags		: fpu vme de pse tsc msr pae mce cx8 apic sep mtrr pge mca cmov pat pse36 clflush dts acpi mmx fxsr sse sse2 ss ht tm pbe syscall nx lm constant_tsc arch_perfmon pebs bts rep_good nopl aperfmperf pni dtes64 monitor ds_cpl vmx est tm2 ssse3 cx16 xtpr pdcm xsave lahf_lm dtherm tpr_shadow vnmi flexpriority
bogomips	: 5586.01
clflush size	: 64
cache_alignment	: 64
address sizes	: 36 bits physical, 48 bits virtual
power management:

processor	: 1
vendor_id	: GenuineIntel
cpu family	: 6
model		: 23
model name	: Pentium(R) Dual-Core  CPU      E6300  @ 2.80GHz
stepping	: 10
microcode	: 0xa07
cpu MHz		: 2800.000
cache size	: 2048 KB
physical id	: 0
siblings	: 2
core id		: 1
cpu cores	: 2
apicid		: 1
initial apicid	: 1
fpu		: yes
fpu_exception	: yes
cpuid level	: 13
wp		: yes
flags		: fpu vme de pse tsc msr pae mce cx8 apic sep mtrr pge mca cmov pat pse36 clflush dts acpi mmx fxsr sse sse2 ss ht tm pbe syscall nx lm constant_tsc arch_perfmon pebs bts rep_good nopl aperfmperf pni dtes64 monitor ds_cpl vmx est tm2 ssse3 cx16 xtpr pdcm xsave lahf_lm dtherm tpr_shadow vnmi flexpriority
bogomips	: 5586.01
clflush size	: 64
cache_alignment	: 64
address sizes	: 36 bits physical, 48 bits virtual
power management:



Memory: 4k page, physical 1898692k(141400k free), swap 1023996k(1010776k free)

vm_info: Java HotSpot(TM) Server VM (20.7-b02) for linux-x86 JRE (1.6.0_32-b05), built on Apr  5 2012 12:54:54 by "java_re" with gcc 3.2.1-7a (J2SE release)

time: Wed Nov  5 13:09:28 2014
elapsed time: 0 seconds

