#
# A fatal error has been detected by the Java Runtime Environment:
#
#  Internal Error (classFileParser.cpp:3494), pid=60592, tid=4136491840
#  Error: ShouldNotReachHere()
#
# JRE version: 6.0_32-b05
# Java VM: Java HotSpot(TM) Server VM (20.7-b02 mixed mode linux-x86 )
# If you would like to submit a bug report, please visit:
#   http://java.sun.com/webapps/bugreport/crash.jsp
#

---------------  T H R E A D  ---------------

Current thread (0xf6705400):  JavaThread "Unknown thread" [_thread_in_vm, id=60597, stack(0xf688d000,0xf68de000)]

Stack: [0xf688d000,0xf68de000],  sp=0xf68dc7a0,  free space=317k
Native frames: (J=compiled Java code, j=interpreted, Vv=VM code, C=native code)
V  [libjvm.so+0x7257e0]  VMError::report_and_die()+0x2b0
V  [libjvm.so+0x2f791f]  report_should_not_reach_here(char const*, int)+0x3f
V  [libjvm.so+0x28de4a]  ClassFileParser::parseClassFile(symbolHandle, Handle, Handle, KlassHandle, GrowableArray<Handle>*, symbolHandle&, bool, Thread*)+0x2d9a
V  [libjvm.so+0x293e91]  ClassLoader::load_classfile(symbolHandle, Thread*)+0x221
V  [libjvm.so+0x6b4e62]  SystemDictionary::load_instance_class(symbolHandle, Handle, Thread*)+0xf2
V  [libjvm.so+0x6b2efe]  SystemDictionary::resolve_instance_class_or_null(symbolHandle, Handle, Handle, Thread*)+0x55e
V  [libjvm.so+0x6b1cc6]  SystemDictionary::resolve_or_null(symbolHandle, Handle, Handle, Thread*)+0x66
V  [libjvm.so+0x6b1930]  SystemDictionary::resolve_or_fail(symbolHandle, Handle, Handle, bool, Thread*)+0x30
V  [libjvm.so+0x6b674a]  SystemDictionary::initialize_wk_klass(SystemDictionary::WKID, int, Thread*)+0x6a
V  [libjvm.so+0x6b67dc]  SystemDictionary::initialize_wk_klasses_until(SystemDictionary::WKID, SystemDictionary::WKID&, Thread*)+0x4c
V  [libjvm.so+0x6b68a0]  SystemDictionary::initialize_preloaded_classes(Thread*)+0x70
V  [libjvm.so+0x6b6671]  SystemDictionary::initialize(Thread*)+0xe1
V  [libjvm.so+0x6fd3da]  Universe::genesis(Thread*)+0x4da
V  [libjvm.so+0x6fea9f]  universe2_init()+0x1f
V  [libjvm.so+0x3b9e58]  init_globals()+0x98
V  [libjvm.so+0x6e64b2]  Threads::create_vm(JavaVMInitArgs*, bool*)+0x242
V  [libjvm.so+0x414a66]  JNI_CreateJavaVM+0x56
C  [java+0x305c]
C  [java+0x1942]  JavaMain+0x72
C  [libpthread.so.0+0x6d4c]  short+0xcc


---------------  P R O C E S S  ---------------

Java Threads: ( => current thread )

Other Threads:

=>0xf6705400 (exited) JavaThread "Unknown thread" [_thread_in_vm, id=60597, stack(0xf688d000,0xf68de000)]

VM state:not at safepoint (not fully initialized)

VM Mutex/Monitor currently owned by a thread: None

Dynamic libraries:
08048000-08052000 r-xp 00000000 08:01 2261114                            /local/packages/jdk1.6.0_32/bin/java
08052000-08053000 rwxp 00009000 08:01 2261114                            /local/packages/jdk1.6.0_32/bin/java
09b5c000-09b7d000 rwxp 00000000 00:00 0                                  [heap]
d2000000-d2021000 rwxp 00000000 00:00 0 
d2021000-d2100000 ---p 00000000 00:00 0 
d2136000-d2200000 r-xs 011ad000 08:01 1331838                            /local/packages/adt-bundle-linux-x86_64-20130729/sdk/platforms/android-18/android.jar
d2200000-d2221000 rwxp 00000000 00:00 0 
d2221000-d2300000 ---p 00000000 00:00 0 
d237a000-d237b000 ---p 00000000 00:00 0 
d237b000-d23fb000 rwxp 00000000 00:00 0                                  [stack:60599]
d23fb000-d23fc000 ---p 00000000 00:00 0 
d23fc000-d2484000 rwxp 00000000 00:00 0                                  [stack:60598]
d2484000-d249c000 rwxp 00000000 00:00 0 
d249c000-d24a6000 rwxp 00000000 00:00 0 
d24a6000-d2537000 rwxp 00000000 00:00 0 
d2537000-d253f000 rwxp 00000000 00:00 0 
d253f000-d2557000 rwxp 00000000 00:00 0 
d2557000-d2561000 rwxp 00000000 00:00 0 
d2561000-d25f1000 rwxp 00000000 00:00 0 
d25f1000-d25f7000 rwxp 00000000 00:00 0 
d25f7000-d263f000 rwxp 00000000 00:00 0 
d263f000-d3640000 rwxp 00000000 00:00 0 
d3640000-d6640000 rwxp 00000000 00:00 0 
d6640000-d79a0000 rwxp 00000000 00:00 0 
d79a0000-e9ba0000 rwxp 00000000 00:00 0 
e9ba0000-ea540000 rwxp 00000000 00:00 0 
ea540000-f3640000 rwxp 00000000 00:00 0 
f3640000-f3649000 rwxp 00000000 00:00 0 
f3649000-f3700000 rwxp 00000000 00:00 0 
f3700000-f3940000 rwxp 00000000 00:00 0 
f3940000-f6784000 rwxp 00000000 00:00 0 
f6784000-f6800000 ---p 00000000 00:00 0 
f6815000-f6820000 r-xp 00000000 08:01 2228611                            /lib/i386-linux-gnu/libnss_files-2.15.so
f6820000-f6821000 r-xp 0000a000 08:01 2228611                            /lib/i386-linux-gnu/libnss_files-2.15.so
f6821000-f6822000 rwxp 0000b000 08:01 2228611                            /lib/i386-linux-gnu/libnss_files-2.15.so
f6822000-f682c000 r-xp 00000000 08:01 2228622                            /lib/i386-linux-gnu/libnss_nis-2.15.so
f682c000-f682d000 r-xp 00009000 08:01 2228622                            /lib/i386-linux-gnu/libnss_nis-2.15.so
f682d000-f682e000 rwxp 0000a000 08:01 2228622                            /lib/i386-linux-gnu/libnss_nis-2.15.so
f682e000-f6835000 r-xp 00000000 08:01 2228617                            /lib/i386-linux-gnu/libnss_compat-2.15.so
f6835000-f6836000 r-xp 00006000 08:01 2228617                            /lib/i386-linux-gnu/libnss_compat-2.15.so
f6836000-f6837000 rwxp 00007000 08:01 2228617                            /lib/i386-linux-gnu/libnss_compat-2.15.so
f6846000-f6855000 r-xp 00000000 08:01 1087116                            /local/packages/jdk1.6.0_32/jre/lib/i386/libzip.so
f6855000-f6857000 rwxp 0000e000 08:01 1087116                            /local/packages/jdk1.6.0_32/jre/lib/i386/libzip.so
f6857000-f685f000 rwxs 00000000 08:07 132389                             /tmp/hsperfdata_g3jiawei/60592
f685f000-f6882000 r-xp 00000000 08:01 1087109                            /local/packages/jdk1.6.0_32/jre/lib/i386/libjava.so
f6882000-f6884000 rwxp 00023000 08:01 1087109                            /local/packages/jdk1.6.0_32/jre/lib/i386/libjava.so
f6884000-f688b000 r-xp 00000000 08:01 2228621                            /lib/i386-linux-gnu/librt-2.15.so
f688b000-f688c000 r-xp 00006000 08:01 2228621                            /lib/i386-linux-gnu/librt-2.15.so
f688c000-f688d000 rwxp 00007000 08:01 2228621                            /lib/i386-linux-gnu/librt-2.15.so
f688d000-f6890000 ---p 00000000 00:00 0 
f6890000-f68de000 rwxp 00000000 00:00 0                                  [stack:60597]
f68de000-f6908000 r-xp 00000000 08:01 2228615                            /lib/i386-linux-gnu/libm-2.15.so
f6908000-f6909000 r-xp 00029000 08:01 2228615                            /lib/i386-linux-gnu/libm-2.15.so
f6909000-f690a000 rwxp 0002a000 08:01 2228615                            /lib/i386-linux-gnu/libm-2.15.so
f690a000-f70bd000 r-xp 00000000 08:01 1087132                            /local/packages/jdk1.6.0_32/jre/lib/i386/server/libjvm.so
f70bd000-f7111000 rwxp 007b3000 08:01 1087132                            /local/packages/jdk1.6.0_32/jre/lib/i386/server/libjvm.so
f7111000-f7530000 rwxp 00000000 00:00 0 
f7530000-f76d4000 r-xp 00000000 08:01 2228525                            /lib/i386-linux-gnu/libc-2.15.so
f76d4000-f76d6000 r-xp 001a4000 08:01 2228525                            /lib/i386-linux-gnu/libc-2.15.so
f76d6000-f76d7000 rwxp 001a6000 08:01 2228525                            /lib/i386-linux-gnu/libc-2.15.so
f76d7000-f76da000 rwxp 00000000 00:00 0 
f76da000-f76dd000 r-xp 00000000 08:01 2228599                            /lib/i386-linux-gnu/libdl-2.15.so
f76dd000-f76de000 r-xp 00002000 08:01 2228599                            /lib/i386-linux-gnu/libdl-2.15.so
f76de000-f76df000 rwxp 00003000 08:01 2228599                            /lib/i386-linux-gnu/libdl-2.15.so
f76df000-f76e6000 r-xp 00000000 08:01 1087140                            /local/packages/jdk1.6.0_32/jre/lib/i386/jli/libjli.so
f76e6000-f76e8000 rwxp 00006000 08:01 1087140                            /local/packages/jdk1.6.0_32/jre/lib/i386/jli/libjli.so
f76e8000-f76e9000 rwxp 00000000 00:00 0 
f76e9000-f7700000 r-xp 00000000 08:01 2228613                            /lib/i386-linux-gnu/libpthread-2.15.so
f7700000-f7701000 r-xp 00016000 08:01 2228613                            /lib/i386-linux-gnu/libpthread-2.15.so
f7701000-f7702000 rwxp 00017000 08:01 2228613                            /lib/i386-linux-gnu/libpthread-2.15.so
f7702000-f7705000 rwxp 00000000 00:00 0 
f7705000-f7706000 r-xp 00000000 00:00 0 
f7706000-f771c000 r-xp 00000000 08:01 2228521                            /lib/i386-linux-gnu/libnsl-2.15.so
f771c000-f771d000 r-xp 00015000 08:01 2228521                            /lib/i386-linux-gnu/libnsl-2.15.so
f771d000-f771e000 rwxp 00016000 08:01 2228521                            /lib/i386-linux-gnu/libnsl-2.15.so
f771e000-f7720000 rwxp 00000000 00:00 0 
f7720000-f772b000 r-xp 00000000 08:01 1087126                            /local/packages/jdk1.6.0_32/jre/lib/i386/libverify.so
f772b000-f772c000 rwxp 0000b000 08:01 1087126                            /local/packages/jdk1.6.0_32/jre/lib/i386/libverify.so
f772c000-f772e000 rwxp 00000000 00:00 0 
f772e000-f772f000 r-xp 00000000 00:00 0                                  [vdso]
f772f000-f774f000 r-xp 00000000 08:01 2228620                            /lib/i386-linux-gnu/ld-2.15.so
f774f000-f7750000 r-xp 0001f000 08:01 2228620                            /lib/i386-linux-gnu/ld-2.15.so
f7750000-f7751000 rwxp 00020000 08:01 2228620                            /lib/i386-linux-gnu/ld-2.15.so
fffa1000-fffc2000 rwxp 00000000 00:00 0                                  [stack]

VM Arguments:
jvm_args: -Dfile.encoding=ANSI_X3.4-1968 -Xbootclasspath:/local/packages/adt-bundle-linux-x86_64-20130729/sdk/platforms/android-18/android.jar 
java_command: com.calendarcardsample.backend.Course
Launcher Type: SUN_STANDARD

Environment Variables:
PATH=/h/u13/g3/00/g3jiawei/bin/linux-gnu:/h/u13/g3/00/g3jiawei/bin:/local/bin/X11:/local/bin:/bin:/usr/bin:.
LD_LIBRARY_PATH=/local/packages/jdk1.6.0_32/jre/lib/i386/server:/local/packages/jdk1.6.0_32/jre/lib/i386:/local/packages/jdk1.6.0_32/jre/../lib/i386
SHELL=/var/shell/bash
DISPLAY=:0

Signal Handlers:
SIGSEGV: [libjvm.so+0x726440], sa_mask[0]=0x7ffbfeff, sa_flags=0x10000004
SIGBUS: [libjvm.so+0x726440], sa_mask[0]=0x7ffbfeff, sa_flags=0x10000004
SIGFPE: [libjvm.so+0x5e0ff0], sa_mask[0]=0x7ffbfeff, sa_flags=0x10000004
SIGPIPE: [libjvm.so+0x5e0ff0], sa_mask[0]=0x7ffbfeff, sa_flags=0x10000004
SIGXFSZ: [libjvm.so+0x5e0ff0], sa_mask[0]=0x7ffbfeff, sa_flags=0x10000004
SIGILL: [libjvm.so+0x5e0ff0], sa_mask[0]=0x7ffbfeff, sa_flags=0x10000004
SIGUSR1: SIG_DFL, sa_mask[0]=0x00000000, sa_flags=0x00000000
SIGUSR2: [libjvm.so+0x5e4250], sa_mask[0]=0x00000004, sa_flags=0x10000004
SIGHUP: SIG_DFL, sa_mask[0]=0x00000000, sa_flags=0x00000000
SIGINT: SIG_DFL, sa_mask[0]=0x00000000, sa_flags=0x00000000
SIGTERM: SIG_DFL, sa_mask[0]=0x00000000, sa_flags=0x00000000
SIGQUIT: SIG_DFL, sa_mask[0]=0x00000000, sa_flags=0x00000000


---------------  S Y S T E M  ---------------

OS:wheezy/sid

uname:Linux 3.13.0-35-generic #62~precise1-Ubuntu SMP Mon Aug 18 14:52:04 UTC 2014 x86_64
libc:glibc 2.15 NPTL 2.15 
rlimit: STACK 8192k, CORE 0k, NPROC 225, NOFILE 4096, AS infinity
load average:0.66 0.56 0.40

/proc/meminfo:
MemTotal:        1898692 kB
MemFree:          123372 kB
Buffers:           13532 kB
Cached:           585096 kB
SwapCached:         1384 kB
Active:           933188 kB
Inactive:         563632 kB
Active(anon):     665680 kB
Inactive(anon):   299472 kB
Active(file):     267508 kB
Inactive(file):   264160 kB
Unevictable:           0 kB
Mlocked:               0 kB
SwapTotal:       1023996 kB
SwapFree:        1010776 kB
Dirty:               840 kB
Writeback:             0 kB
AnonPages:        897280 kB
Mapped:           153988 kB
Shmem:             66920 kB
Slab:             211188 kB
SReclaimable:     188140 kB
SUnreclaim:        23048 kB
KernelStack:        2904 kB
PageTables:        19764 kB
NFS_Unstable:          0 kB
Bounce:                0 kB
WritebackTmp:          0 kB
CommitLimit:     1973340 kB
Committed_AS:    1885072 kB
VmallocTotal:   34359738367 kB
VmallocUsed:      297888 kB
VmallocChunk:   34359436376 kB
HardwareCorrupted:     0 kB
AnonHugePages:     81920 kB
HugePages_Total:       0
HugePages_Free:        0
HugePages_Rsvd:        0
HugePages_Surp:        0
Hugepagesize:       2048 kB
DirectMap4k:       88640 kB
DirectMap2M:     1855488 kB


CPU:total 2 (2 cores per cpu, 1 threads per core) family 6 model 23 stepping 10, cmov, cx8, fxsr, mmx, sse, sse2, sse3, ssse3

/proc/cpuinfo:
processor	: 0
vendor_id	: GenuineIntel
cpu family	: 6
model		: 23
model name	: Pentium(R) Dual-Core  CPU      E6300  @ 2.80GHz
stepping	: 10
microcode	: 0xa07
cpu MHz		: 2133.000
cache size	: 2048 KB
physical id	: 0
siblings	: 2
core id		: 0
cpu cores	: 2
apicid		: 0
initial apicid	: 0
fpu		: yes
fpu_exception	: yes
cpuid level	: 13
wp		: yes
flags		: fpu vme de pse tsc msr pae mce cx8 apic sep mtrr pge mca cmov pat pse36 clflush dts acpi mmx fxsr sse sse2 ss ht tm pbe syscall nx lm constant_tsc arch_perfmon pebs bts rep_good nopl aperfmperf pni dtes64 monitor ds_cpl vmx est tm2 ssse3 cx16 xtpr pdcm xsave lahf_lm dtherm tpr_shadow vnmi flexpriority
bogomips	: 5586.01
clflush size	: 64
cache_alignment	: 64
address sizes	: 36 bits physical, 48 bits virtual
power management:

processor	: 1
vendor_id	: GenuineIntel
cpu family	: 6
model		: 23
model name	: Pentium(R) Dual-Core  CPU      E6300  @ 2.80GHz
stepping	: 10
microcode	: 0xa07
cpu MHz		: 2800.000
cache size	: 2048 KB
physical id	: 0
siblings	: 2
core id		: 1
cpu cores	: 2
apicid		: 1
initial apicid	: 1
fpu		: yes
fpu_exception	: yes
cpuid level	: 13
wp		: yes
flags		: fpu vme de pse tsc msr pae mce cx8 apic sep mtrr pge mca cmov pat pse36 clflush dts acpi mmx fxsr sse sse2 ss ht tm pbe syscall nx lm constant_tsc arch_perfmon pebs bts rep_good nopl aperfmperf pni dtes64 monitor ds_cpl vmx est tm2 ssse3 cx16 xtpr pdcm xsave lahf_lm dtherm tpr_shadow vnmi flexpriority
bogomips	: 5586.01
clflush size	: 64
cache_alignment	: 64
address sizes	: 36 bits physical, 48 bits virtual
power management:



Memory: 4k page, physical 1898692k(123372k free), swap 1023996k(1010776k free)

vm_info: Java HotSpot(TM) Server VM (20.7-b02) for linux-x86 JRE (1.6.0_32-b05), built on Apr  5 2012 12:54:54 by "java_re" with gcc 3.2.1-7a (J2SE release)

time: Wed Nov  5 13:09:09 2014
elapsed time: 0 seconds

