#
# A fatal error has been detected by the Java Runtime Environment:
#
#  Internal Error (classFileParser.cpp:3494), pid=43910, tid=4136876864
#  Error: ShouldNotReachHere()
#
# JRE version: 6.0_32-b05
# Java VM: Java HotSpot(TM) Server VM (20.7-b02 mixed mode linux-x86 )
# If you would like to submit a bug report, please visit:
#   http://java.sun.com/webapps/bugreport/crash.jsp
#

---------------  T H R E A D  ---------------

Current thread (0xf6705400):  JavaThread "Unknown thread" [_thread_in_vm, id=43915, stack(0xf68eb000,0xf693c000)]

Stack: [0xf68eb000,0xf693c000],  sp=0xf693a7a0,  free space=317k
Native frames: (J=compiled Java code, j=interpreted, Vv=VM code, C=native code)
V  [libjvm.so+0x7257e0]  VMError::report_and_die()+0x2b0
V  [libjvm.so+0x2f791f]  report_should_not_reach_here(char const*, int)+0x3f
V  [libjvm.so+0x28de4a]  ClassFileParser::parseClassFile(symbolHandle, Handle, Handle, KlassHandle, GrowableArray<Handle>*, symbolHandle&, bool, Thread*)+0x2d9a
V  [libjvm.so+0x293e91]  ClassLoader::load_classfile(symbolHandle, Thread*)+0x221
V  [libjvm.so+0x6b4e62]  SystemDictionary::load_instance_class(symbolHandle, Handle, Thread*)+0xf2
V  [libjvm.so+0x6b2efe]  SystemDictionary::resolve_instance_class_or_null(symbolHandle, Handle, Handle, Thread*)+0x55e
V  [libjvm.so+0x6b1cc6]  SystemDictionary::resolve_or_null(symbolHandle, Handle, Handle, Thread*)+0x66
V  [libjvm.so+0x6b1930]  SystemDictionary::resolve_or_fail(symbolHandle, Handle, Handle, bool, Thread*)+0x30
V  [libjvm.so+0x6b674a]  SystemDictionary::initialize_wk_klass(SystemDictionary::WKID, int, Thread*)+0x6a
V  [libjvm.so+0x6b67dc]  SystemDictionary::initialize_wk_klasses_until(SystemDictionary::WKID, SystemDictionary::WKID&, Thread*)+0x4c
V  [libjvm.so+0x6b68a0]  SystemDictionary::initialize_preloaded_classes(Thread*)+0x70
V  [libjvm.so+0x6b6671]  SystemDictionary::initialize(Thread*)+0xe1
V  [libjvm.so+0x6fd3da]  Universe::genesis(Thread*)+0x4da
V  [libjvm.so+0x6fea9f]  universe2_init()+0x1f
V  [libjvm.so+0x3b9e58]  init_globals()+0x98
V  [libjvm.so+0x6e64b2]  Threads::create_vm(JavaVMInitArgs*, bool*)+0x242
V  [libjvm.so+0x414a66]  JNI_CreateJavaVM+0x56
C  [java+0x305c]
C  [java+0x1942]  JavaMain+0x72
C  [libpthread.so.0+0x6d4c]  short+0xcc


---------------  P R O C E S S  ---------------

Java Threads: ( => current thread )

Other Threads:

=>0xf6705400 (exited) JavaThread "Unknown thread" [_thread_in_vm, id=43915, stack(0xf68eb000,0xf693c000)]

VM state:not at safepoint (not fully initialized)

VM Mutex/Monitor currently owned by a thread: None

Dynamic libraries:
08048000-08052000 r-xp 00000000 08:01 2396200                            /local/packages/jdk1.6.0_32/bin/java
08052000-08053000 rwxp 00009000 08:01 2396200                            /local/packages/jdk1.6.0_32/bin/java
0964b000-0966c000 rwxp 00000000 00:00 0                                  [heap]
d2036000-d2100000 r-xs 011ad000 08:01 2395515                            /local/packages/adt-bundle-linux-x86_64-20130729/sdk/platforms/android-18/android.jar
d2100000-d2121000 rwxp 00000000 00:00 0 
d2121000-d2200000 ---p 00000000 00:00 0 
d227f000-d2280000 ---p 00000000 00:00 0 
d2280000-d2300000 rwxp 00000000 00:00 0                                  [stack:43917]
d2300000-d2321000 rwxp 00000000 00:00 0 
d2321000-d2400000 ---p 00000000 00:00 0 
d241b000-d241c000 ---p 00000000 00:00 0 
d241c000-d24a6000 rwxp 00000000 00:00 0                                  [stack:43916]
d24a6000-d2537000 rwxp 00000000 00:00 0 
d2537000-d253f000 rwxp 00000000 00:00 0 
d253f000-d2557000 rwxp 00000000 00:00 0 
d2557000-d2561000 rwxp 00000000 00:00 0 
d2561000-d25f1000 rwxp 00000000 00:00 0 
d25f1000-d25f7000 rwxp 00000000 00:00 0 
d25f7000-d263f000 rwxp 00000000 00:00 0 
d263f000-d3640000 rwxp 00000000 00:00 0 
d3640000-d6640000 rwxp 00000000 00:00 0 
d6640000-d79a0000 rwxp 00000000 00:00 0 
d79a0000-e9ba0000 rwxp 00000000 00:00 0 
e9ba0000-ea540000 rwxp 00000000 00:00 0 
ea540000-f3640000 rwxp 00000000 00:00 0 
f3640000-f3649000 rwxp 00000000 00:00 0 
f3649000-f3700000 rwxp 00000000 00:00 0 
f3700000-f3940000 rwxp 00000000 00:00 0 
f3940000-f6784000 rwxp 00000000 00:00 0 
f6784000-f6800000 ---p 00000000 00:00 0 
f6853000-f685b000 rwxp 00000000 00:00 0 
f685b000-f6873000 rwxp 00000000 00:00 0 
f6873000-f687e000 r-xp 00000000 08:01 1062522                            /lib/i386-linux-gnu/libnss_files-2.15.so
f687e000-f687f000 r-xp 0000a000 08:01 1062522                            /lib/i386-linux-gnu/libnss_files-2.15.so
f687f000-f6880000 rwxp 0000b000 08:01 1062522                            /lib/i386-linux-gnu/libnss_files-2.15.so
f6880000-f688a000 r-xp 00000000 08:01 1062534                            /lib/i386-linux-gnu/libnss_nis-2.15.so
f688a000-f688b000 r-xp 00009000 08:01 1062534                            /lib/i386-linux-gnu/libnss_nis-2.15.so
f688b000-f688c000 rwxp 0000a000 08:01 1062534                            /lib/i386-linux-gnu/libnss_nis-2.15.so
f688c000-f6893000 r-xp 00000000 08:01 1062528                            /lib/i386-linux-gnu/libnss_compat-2.15.so
f6893000-f6894000 r-xp 00006000 08:01 1062528                            /lib/i386-linux-gnu/libnss_compat-2.15.so
f6894000-f6895000 rwxp 00007000 08:01 1062528                            /lib/i386-linux-gnu/libnss_compat-2.15.so
f68a4000-f68b3000 r-xp 00000000 08:01 1865198                            /local/packages/jdk1.6.0_32/jre/lib/i386/libzip.so
f68b3000-f68b5000 rwxp 0000e000 08:01 1865198                            /local/packages/jdk1.6.0_32/jre/lib/i386/libzip.so
f68b5000-f68bd000 rwxs 00000000 08:07 261797                             /tmp/hsperfdata_g3jiawei/43910
f68bd000-f68e0000 r-xp 00000000 08:01 1865191                            /local/packages/jdk1.6.0_32/jre/lib/i386/libjava.so
f68e0000-f68e2000 rwxp 00023000 08:01 1865191                            /local/packages/jdk1.6.0_32/jre/lib/i386/libjava.so
f68e2000-f68e9000 r-xp 00000000 08:01 1062533                            /lib/i386-linux-gnu/librt-2.15.so
f68e9000-f68ea000 r-xp 00006000 08:01 1062533                            /lib/i386-linux-gnu/librt-2.15.so
f68ea000-f68eb000 rwxp 00007000 08:01 1062533                            /lib/i386-linux-gnu/librt-2.15.so
f68eb000-f68ee000 ---p 00000000 00:00 0 
f68ee000-f693c000 rwxp 00000000 00:00 0                                  [stack:43915]
f693c000-f6966000 r-xp 00000000 08:01 1062526                            /lib/i386-linux-gnu/libm-2.15.so
f6966000-f6967000 r-xp 00029000 08:01 1062526                            /lib/i386-linux-gnu/libm-2.15.so
f6967000-f6968000 rwxp 0002a000 08:01 1062526                            /lib/i386-linux-gnu/libm-2.15.so
f6968000-f711b000 r-xp 00000000 08:01 2126765                            /local/packages/jdk1.6.0_32/jre/lib/i386/server/libjvm.so
f711b000-f716f000 rwxp 007b3000 08:01 2126765                            /local/packages/jdk1.6.0_32/jre/lib/i386/server/libjvm.so
f716f000-f758e000 rwxp 00000000 00:00 0 
f758e000-f7732000 r-xp 00000000 08:01 1049171                            /lib/i386-linux-gnu/libc-2.15.so
f7732000-f7734000 r-xp 001a4000 08:01 1049171                            /lib/i386-linux-gnu/libc-2.15.so
f7734000-f7735000 rwxp 001a6000 08:01 1049171                            /lib/i386-linux-gnu/libc-2.15.so
f7735000-f7738000 rwxp 00000000 00:00 0 
f7738000-f773b000 r-xp 00000000 08:01 1062507                            /lib/i386-linux-gnu/libdl-2.15.so
f773b000-f773c000 r-xp 00002000 08:01 1062507                            /lib/i386-linux-gnu/libdl-2.15.so
f773c000-f773d000 rwxp 00003000 08:01 1062507                            /lib/i386-linux-gnu/libdl-2.15.so
f773d000-f7744000 r-xp 00000000 08:01 2266652                            /local/packages/jdk1.6.0_32/jre/lib/i386/jli/libjli.so
f7744000-f7746000 rwxp 00006000 08:01 2266652                            /local/packages/jdk1.6.0_32/jre/lib/i386/jli/libjli.so
f7746000-f7747000 rwxp 00000000 00:00 0 
f7747000-f775e000 r-xp 00000000 08:01 1062524                            /lib/i386-linux-gnu/libpthread-2.15.so
f775e000-f775f000 r-xp 00016000 08:01 1062524                            /lib/i386-linux-gnu/libpthread-2.15.so
f775f000-f7760000 rwxp 00017000 08:01 1062524                            /lib/i386-linux-gnu/libpthread-2.15.so
f7760000-f7763000 rwxp 00000000 00:00 0 
f7763000-f7764000 r-xp 00000000 00:00 0 
f7764000-f777a000 r-xp 00000000 08:01 1049137                            /lib/i386-linux-gnu/libnsl-2.15.so
f777a000-f777b000 r-xp 00015000 08:01 1049137                            /lib/i386-linux-gnu/libnsl-2.15.so
f777b000-f777c000 rwxp 00016000 08:01 1049137                            /lib/i386-linux-gnu/libnsl-2.15.so
f777c000-f777e000 rwxp 00000000 00:00 0 
f777e000-f7789000 r-xp 00000000 08:01 1865206                            /local/packages/jdk1.6.0_32/jre/lib/i386/libverify.so
f7789000-f778a000 rwxp 0000b000 08:01 1865206                            /local/packages/jdk1.6.0_32/jre/lib/i386/libverify.so
f778a000-f778c000 rwxp 00000000 00:00 0 
f778c000-f778d000 r-xp 00000000 00:00 0                                  [vdso]
f778d000-f77ad000 r-xp 00000000 08:01 1062532                            /lib/i386-linux-gnu/ld-2.15.so
f77ad000-f77ae000 r-xp 0001f000 08:01 1062532                            /lib/i386-linux-gnu/ld-2.15.so
f77ae000-f77af000 rwxp 00020000 08:01 1062532                            /lib/i386-linux-gnu/ld-2.15.so
ffb8c000-ffbad000 rwxp 00000000 00:00 0                                  [stack]

VM Arguments:
jvm_args: -Dfile.encoding=ANSI_X3.4-1968 -Xbootclasspath:/local/packages/adt-bundle-linux-x86_64-20130729/sdk/platforms/android-18/android.jar 
java_command: com.calendarcardsample.backend.Course
Launcher Type: SUN_STANDARD

Environment Variables:
PATH=/h/u13/g3/00/g3jiawei/bin/linux-gnu:/h/u13/g3/00/g3jiawei/bin:/local/bin/X11:/local/bin:/bin:/usr/bin:.
LD_LIBRARY_PATH=/local/packages/jdk1.6.0_32/jre/lib/i386/server:/local/packages/jdk1.6.0_32/jre/lib/i386:/local/packages/jdk1.6.0_32/jre/../lib/i386
SHELL=/var/shell/bash
DISPLAY=:0

Signal Handlers:
SIGSEGV: [libjvm.so+0x726440], sa_mask[0]=0x7ffbfeff, sa_flags=0x10000004
SIGBUS: [libjvm.so+0x726440], sa_mask[0]=0x7ffbfeff, sa_flags=0x10000004
SIGFPE: [libjvm.so+0x5e0ff0], sa_mask[0]=0x7ffbfeff, sa_flags=0x10000004
SIGPIPE: [libjvm.so+0x5e0ff0], sa_mask[0]=0x7ffbfeff, sa_flags=0x10000004
SIGXFSZ: [libjvm.so+0x5e0ff0], sa_mask[0]=0x7ffbfeff, sa_flags=0x10000004
SIGILL: [libjvm.so+0x5e0ff0], sa_mask[0]=0x7ffbfeff, sa_flags=0x10000004
SIGUSR1: SIG_DFL, sa_mask[0]=0x00000000, sa_flags=0x00000000
SIGUSR2: [libjvm.so+0x5e4250], sa_mask[0]=0x00000004, sa_flags=0x10000004
SIGHUP: SIG_DFL, sa_mask[0]=0x00000000, sa_flags=0x00000000
SIGINT: SIG_DFL, sa_mask[0]=0x00000000, sa_flags=0x00000000
SIGTERM: SIG_DFL, sa_mask[0]=0x00000000, sa_flags=0x00000000
SIGQUIT: SIG_DFL, sa_mask[0]=0x00000000, sa_flags=0x00000000


---------------  S Y S T E M  ---------------

OS:wheezy/sid

uname:Linux 3.13.0-35-generic #62~precise1-Ubuntu SMP Mon Aug 18 14:52:04 UTC 2014 x86_64
libc:glibc 2.15 NPTL 2.15 
rlimit: STACK 8192k, CORE 0k, NPROC 225, NOFILE 4096, AS infinity
load average:0.36 0.36 0.36

/proc/meminfo:
MemTotal:        1898692 kB
MemFree:          116976 kB
Buffers:           17456 kB
Cached:           421604 kB
SwapCached:         3576 kB
Active:           919740 kB
Inactive:         565376 kB
Active(anon):     709032 kB
Inactive(anon):   372248 kB
Active(file):     210708 kB
Inactive(file):   193128 kB
Unevictable:           0 kB
Mlocked:               0 kB
SwapTotal:       1023996 kB
SwapFree:         984912 kB
Dirty:                24 kB
Writeback:             0 kB
AnonPages:       1043800 kB
Mapped:           126236 kB
Shmem:             35224 kB
Slab:             187804 kB
SReclaimable:     163984 kB
SUnreclaim:        23820 kB
KernelStack:        2952 kB
PageTables:        20724 kB
NFS_Unstable:        100 kB
Bounce:                0 kB
WritebackTmp:          0 kB
CommitLimit:     1973340 kB
Committed_AS:    2010908 kB
VmallocTotal:   34359738367 kB
VmallocUsed:      297888 kB
VmallocChunk:   34359436888 kB
HardwareCorrupted:     0 kB
AnonHugePages:     32768 kB
HugePages_Total:       0
HugePages_Free:        0
HugePages_Rsvd:        0
HugePages_Surp:        0
Hugepagesize:       2048 kB
DirectMap4k:      176704 kB
DirectMap2M:     1767424 kB


CPU:total 2 (2 cores per cpu, 1 threads per core) family 6 model 23 stepping 10, cmov, cx8, fxsr, mmx, sse, sse2, sse3, ssse3

/proc/cpuinfo:
processor	: 0
vendor_id	: GenuineIntel
cpu family	: 6
model		: 23
model name	: Pentium(R) Dual-Core  CPU      E6300  @ 2.80GHz
stepping	: 10
microcode	: 0xa07
cpu MHz		: 2133.000
cache size	: 2048 KB
physical id	: 0
siblings	: 2
core id		: 0
cpu cores	: 2
apicid		: 0
initial apicid	: 0
fpu		: yes
fpu_exception	: yes
cpuid level	: 13
wp		: yes
flags		: fpu vme de pse tsc msr pae mce cx8 apic sep mtrr pge mca cmov pat pse36 clflush dts acpi mmx fxsr sse sse2 ss ht tm pbe syscall nx lm constant_tsc arch_perfmon pebs bts rep_good nopl aperfmperf pni dtes64 monitor ds_cpl vmx est tm2 ssse3 cx16 xtpr pdcm xsave lahf_lm dtherm tpr_shadow vnmi flexpriority
bogomips	: 5586.07
clflush size	: 64
cache_alignment	: 64
address sizes	: 36 bits physical, 48 bits virtual
power management:

processor	: 1
vendor_id	: GenuineIntel
cpu family	: 6
model		: 23
model name	: Pentium(R) Dual-Core  CPU      E6300  @ 2.80GHz
stepping	: 10
microcode	: 0xa07
cpu MHz		: 2133.000
cache size	: 2048 KB
physical id	: 0
siblings	: 2
core id		: 1
cpu cores	: 2
apicid		: 1
initial apicid	: 1
fpu		: yes
fpu_exception	: yes
cpuid level	: 13
wp		: yes
flags		: fpu vme de pse tsc msr pae mce cx8 apic sep mtrr pge mca cmov pat pse36 clflush dts acpi mmx fxsr sse sse2 ss ht tm pbe syscall nx lm constant_tsc arch_perfmon pebs bts rep_good nopl aperfmperf pni dtes64 monitor ds_cpl vmx est tm2 ssse3 cx16 xtpr pdcm xsave lahf_lm dtherm tpr_shadow vnmi flexpriority
bogomips	: 5586.07
clflush size	: 64
cache_alignment	: 64
address sizes	: 36 bits physical, 48 bits virtual
power management:



Memory: 4k page, physical 1898692k(116976k free), swap 1023996k(984912k free)

vm_info: Java HotSpot(TM) Server VM (20.7-b02) for linux-x86 JRE (1.6.0_32-b05), built on Apr  5 2012 12:54:54 by "java_re" with gcc 3.2.1-7a (J2SE release)

time: Wed Nov  5 16:14:49 2014
elapsed time: 0 seconds

